[ 2017-09-06T10:18:13+08:00 ] 127.0.0.1 /xsgl/index.php/admin/Login/login
INFO: [ app_begin ] --START--
INFO: ReadHtmlCache Behavior ::run [ RunTime:0.001000s ]
INFO: [ app_begin ] --END-- [ RunTime:0.001000s ]

[ 2017-09-06T10:18:20+08:00 ] 127.0.0.1 /xsgl/index.php/admin/Login/login
INFO: [ app_begin ] --START--
INFO: ReadHtmlCache Behavior ::run [ RunTime:0.001000s ]
INFO: [ app_begin ] --END-- [ RunTime:0.001000s ]
NOTIC: [8192] mysql_connect(): The mysql extension is deprecated and will be removed in the future: use mysqli or PDO instead D:\wamp\www\xsgl\ThinkPHP\Lib\Driver\Db\DbMysql.class.php 第 55 行.
SQL: SHOW COLUMNS FROM `xh_user` [ RunTime:0.003000s ]
NOTIC: [8192] preg_replace(): The /e modifier is deprecated, use preg_replace_callback instead D:\wamp\www\xsgl\ThinkPHP\Lib\Core\Db.class.php 第 604 行.
SQL: SELECT * FROM `xh_user` WHERE ( `username` = 'admin' ) LIMIT 1   [ RunTime:0.000000s ]
SQL: UPDATE `xh_user` SET `logintime`=1504664300,`loginip`='127.0.0.1' WHERE ( `id` = 1 ) [ RunTime:0.000000s ]

[ 2017-09-06T10:18:20+08:00 ] 127.0.0.1 /xsgl/index.php/admin/Index/public/js/bootstrap.min.js
ERR: 非法操作:public

[ 2017-09-06T10:18:20+08:00 ] 127.0.0.1 /xsgl/index.php/admin/Index/public/js/jquery.min.js
ERR: 非法操作:public

[ 2017-09-06T11:18:36+08:00 ] 127.0.0.1 /xsgl/index.php/Teacher/Excise/sxpubexciseStatus
INFO: [ app_begin ] --START--
INFO: ReadHtmlCache Behavior ::run [ RunTime:0.001000s ]
INFO: [ app_begin ] --END-- [ RunTime:0.001000s ]
NOTIC: [8192] mysql_connect(): The mysql extension is deprecated and will be removed in the future: use mysqli or PDO instead D:\wamp\www\xsgl\ThinkPHP\Lib\Driver\Db\DbMysql.class.php 第 55 行.
SQL: SHOW COLUMNS FROM `xh_sxsetcourse` [ RunTime:0.003000s ]
NOTIC: [8192] preg_replace(): The /e modifier is deprecated, use preg_replace_callback instead D:\wamp\www\xsgl\ThinkPHP\Lib\Core\Db.class.php 第 604 行.
SQL: SELECT `ccode` FROM `xh_sxsetcourse` WHERE ( `scid` = 1 ) LIMIT 1   [ RunTime:0.000000s ]
SQL: SHOW COLUMNS FROM `xh_student` [ RunTime:0.000000s ]
NOTIC: [8192] preg_replace(): The /e modifier is deprecated, use preg_replace_callback instead D:\wamp\www\xsgl\ThinkPHP\Lib\Core\Db.class.php 第 604 行.
SQL: SELECT `xsno` FROM `xh_student` WHERE ( ccode = 201710 ) ORDER BY xsno ASC  [ RunTime:0.031200s ]
SQL: SHOW COLUMNS FROM `xh_sxsubexcise` [ RunTime:0.000000s ]
SQL: INSERT INTO `xh_sxsubexcise` (`peid`,`xsno`) VALUES (1,'20171001'),(1,'20171002'),(1,'20171003'),(1,'20171004'),(1,'20171005'),(1,'20171006'),(1,'20171007'),(1,'20171008'),(1,'20171009'),(1,'20171010'),(1,'20171011'),(1,'20171012'),(1,'20171013'),(1,'20171014'),(1,'20171015'),(1,'20171016'),(1,'20171017'),(1,'20171018'),(1,'20171019'),(1,'20171020'),(1,'20171021'),(1,'20171022'),(1,'20171023'),(1,'20171024'),(1,'20171025'),(1,'20171026'),(1,'20171027'),(1,'20171028'),(1,'20171029'),(1,'20171030'),(1,'20171031'),(1,'20171032'),(1,'20171033'),(1,'20171034'),(1,'20171035'),(1,'20171036'),(1,'20171037'),(1,'20171038'),(1,'20171039'),(1,'20171040'),(1,'20171041'),(1,'20171042'),(1,'20171043'),(1,'20171044'),(1,'20171045'),(1,'20171046') [ RunTime:0.015600s ]
SQL: SHOW COLUMNS FROM `xh_sxpubexcise` [ RunTime:0.000000s ]
SQL: UPDATE `xh_sxpubexcise` SET `status`=1 WHERE ( `peid` = 1 ) [ RunTime:0.000000s ]

[ 2017-09-06T11:18:58+08:00 ] 127.0.0.1 /xsgl/index.php/Teacher/Excise/sxpubexciseStatus
INFO: [ app_begin ] --START--
INFO: ReadHtmlCache Behavior ::run [ RunTime:0.001000s ]
INFO: [ app_begin ] --END-- [ RunTime:0.001000s ]
NOTIC: [8192] mysql_connect(): The mysql extension is deprecated and will be removed in the future: use mysqli or PDO instead D:\wamp\www\xsgl\ThinkPHP\Lib\Driver\Db\DbMysql.class.php 第 55 行.
SQL: SHOW COLUMNS FROM `xh_sxsubexcise` [ RunTime:0.000000s ]
SQL: DELETE FROM `xh_sxsubexcise` WHERE ( peid = 1 ) [ RunTime:0.015600s ]
SQL: SHOW COLUMNS FROM `xh_sxpubexcise` [ RunTime:0.015600s ]
SQL: UPDATE `xh_sxpubexcise` SET `status`=0 WHERE ( `peid` = 1 ) [ RunTime:0.000000s ]

[ 2017-09-06T11:19:17+08:00 ] 127.0.0.1 /xsgl/index.php/Teacher/Excise/sxpubexciseStatus
INFO: [ app_begin ] --START--
INFO: ReadHtmlCache Behavior ::run [ RunTime:0.001000s ]
INFO: [ app_begin ] --END-- [ RunTime:0.001000s ]
NOTIC: [8192] mysql_connect(): The mysql extension is deprecated and will be removed in the future: use mysqli or PDO instead D:\wamp\www\xsgl\ThinkPHP\Lib\Driver\Db\DbMysql.class.php 第 55 行.
SQL: SHOW COLUMNS FROM `xh_sxsetcourse` [ RunTime:0.000000s ]
NOTIC: [8192] preg_replace(): The /e modifier is deprecated, use preg_replace_callback instead D:\wamp\www\xsgl\ThinkPHP\Lib\Core\Db.class.php 第 604 行.
SQL: SELECT `ccode` FROM `xh_sxsetcourse` WHERE ( `scid` = 1 ) LIMIT 1   [ RunTime:0.000000s ]
SQL: SHOW COLUMNS FROM `xh_student` [ RunTime:0.000000s ]
NOTIC: [8192] preg_replace(): The /e modifier is deprecated, use preg_replace_callback instead D:\wamp\www\xsgl\ThinkPHP\Lib\Core\Db.class.php 第 604 行.
SQL: SELECT `xsno` FROM `xh_student` WHERE ( ccode = 201710 ) ORDER BY xsno ASC  [ RunTime:0.000000s ]
SQL: SHOW COLUMNS FROM `xh_sxsubexcise` [ RunTime:0.015600s ]
SQL: INSERT INTO `xh_sxsubexcise` (`peid`,`xsno`) VALUES (1,'20171001'),(1,'20171002'),(1,'20171003'),(1,'20171004'),(1,'20171005'),(1,'20171006'),(1,'20171007'),(1,'20171008'),(1,'20171009'),(1,'20171010'),(1,'20171011'),(1,'20171012'),(1,'20171013'),(1,'20171014'),(1,'20171015'),(1,'20171016'),(1,'20171017'),(1,'20171018'),(1,'20171019'),(1,'20171020'),(1,'20171021'),(1,'20171022'),(1,'20171023'),(1,'20171024'),(1,'20171025'),(1,'20171026'),(1,'20171027'),(1,'20171028'),(1,'20171029'),(1,'20171030'),(1,'20171031'),(1,'20171032'),(1,'20171033'),(1,'20171034'),(1,'20171035'),(1,'20171036'),(1,'20171037'),(1,'20171038'),(1,'20171039'),(1,'20171040'),(1,'20171041'),(1,'20171042'),(1,'20171043'),(1,'20171044'),(1,'20171045'),(1,'20171046') [ RunTime:0.000000s ]
SQL: SHOW COLUMNS FROM `xh_sxpubexcise` [ RunTime:0.015601s ]
SQL: UPDATE `xh_sxpubexcise` SET `status`=1 WHERE ( `peid` = 1 ) [ RunTime:0.000000s ]

[ 2017-09-06T11:19:29+08:00 ] 127.0.0.1 /xsgl/index.php/Teacher/Excise/sxpubexciseStatus
INFO: [ app_begin ] --START--
INFO: ReadHtmlCache Behavior ::run [ RunTime:0.000000s ]
INFO: [ app_begin ] --END-- [ RunTime:0.000000s ]
NOTIC: [8192] mysql_connect(): The mysql extension is deprecated and will be removed in the future: use mysqli or PDO instead D:\wamp\www\xsgl\ThinkPHP\Lib\Driver\Db\DbMysql.class.php 第 55 行.
SQL: SHOW COLUMNS FROM `xh_sxsubexcise` [ RunTime:0.000000s ]
SQL: DELETE FROM `xh_sxsubexcise` WHERE ( peid = 1 ) [ RunTime:0.000000s ]
SQL: SHOW COLUMNS FROM `xh_sxpubexcise` [ RunTime:0.017600s ]
SQL: UPDATE `xh_sxpubexcise` SET `status`=0 WHERE ( `peid` = 1 ) [ RunTime:0.001000s ]

[ 2017-09-06T11:25:38+08:00 ] 127.0.0.1 /xsgl/index.php/Teacher/Excise/sxpubexciseStatus
INFO: [ app_begin ] --START--
INFO: ReadHtmlCache Behavior ::run [ RunTime:0.001000s ]
INFO: [ app_begin ] --END-- [ RunTime:0.001000s ]
NOTIC: [8192] mysql_connect(): The mysql extension is deprecated and will be removed in the future: use mysqli or PDO instead D:\wamp\www\xsgl\ThinkPHP\Lib\Driver\Db\DbMysql.class.php 第 55 行.
SQL: SHOW COLUMNS FROM `xh_sxsetcourse` [ RunTime:0.004000s ]
NOTIC: [8192] preg_replace(): The /e modifier is deprecated, use preg_replace_callback instead D:\wamp\www\xsgl\ThinkPHP\Lib\Core\Db.class.php 第 604 行.
SQL: SELECT `ccode` FROM `xh_sxsetcourse` WHERE ( `scid` = 1 ) LIMIT 1   [ RunTime:0.001000s ]
SQL: SHOW COLUMNS FROM `xh_student` [ RunTime:0.005000s ]
NOTIC: [8192] preg_replace(): The /e modifier is deprecated, use preg_replace_callback instead D:\wamp\www\xsgl\ThinkPHP\Lib\Core\Db.class.php 第 604 行.
SQL: SELECT `xsno` FROM `xh_student` WHERE ( ccode = 201710 ) ORDER BY xsno ASC  [ RunTime:0.000000s ]
SQL: SHOW COLUMNS FROM `xh_sxsubexcise` [ RunTime:0.000000s ]
SQL: INSERT INTO `xh_sxsubexcise` (`peid`,`xsno`) VALUES (1,'20171001'),(1,'20171002'),(1,'20171003'),(1,'20171004'),(1,'20171005'),(1,'20171006'),(1,'20171007'),(1,'20171008'),(1,'20171009'),(1,'20171010'),(1,'20171011'),(1,'20171012'),(1,'20171013'),(1,'20171014'),(1,'20171015'),(1,'20171016'),(1,'20171017'),(1,'20171018'),(1,'20171019'),(1,'20171020'),(1,'20171021'),(1,'20171022'),(1,'20171023'),(1,'20171024'),(1,'20171025'),(1,'20171026'),(1,'20171027'),(1,'20171028'),(1,'20171029'),(1,'20171030'),(1,'20171031'),(1,'20171032'),(1,'20171033'),(1,'20171034'),(1,'20171035'),(1,'20171036'),(1,'20171037'),(1,'20171038'),(1,'20171039'),(1,'20171040'),(1,'20171041'),(1,'20171042'),(1,'20171043'),(1,'20171044'),(1,'20171045'),(1,'20171046') [ RunTime:0.000000s ]
SQL: SHOW COLUMNS FROM `xh_sxpubexcise` [ RunTime:0.015600s ]
SQL: UPDATE `xh_sxpubexcise` SET `status`=1 WHERE ( `peid` = 1 ) [ RunTime:0.000000s ]

[ 2017-09-06T11:27:52+08:00 ] 127.0.0.1 /xsgl/index.php/Teacher/Excise/sxsubexciseIsrec
INFO: [ app_begin ] --START--
INFO: ReadHtmlCache Behavior ::run [ RunTime:0.000000s ]
INFO: [ app_begin ] --END-- [ RunTime:0.001000s ]
NOTIC: [8192] mysql_connect(): The mysql extension is deprecated and will be removed in the future: use mysqli or PDO instead D:\wamp\www\xsgl\ThinkPHP\Lib\Driver\Db\DbMysql.class.php 第 55 行.
SQL: SHOW COLUMNS FROM `xh_sxsubexcise` [ RunTime:0.003000s ]
SQL: UPDATE `xh_sxsubexcise` SET `isrec`='100' WHERE ( `seid` = 93 ) [ RunTime:0.000000s ]

[ 2017-09-06T17:46:25+08:00 ] 127.0.0.1 /xsgl/index.php/admin/Login/login
INFO: [ app_begin ] --START--
INFO: ReadHtmlCache Behavior ::run [ RunTime:0.001000s ]
INFO: [ app_begin ] --END-- [ RunTime:0.001000s ]
NOTIC: [8192] mysql_connect(): The mysql extension is deprecated and will be removed in the future: use mysqli or PDO instead D:\wamp\www\xsgl\ThinkPHP\Lib\Driver\Db\DbMysql.class.php 第 55 行.
SQL: SHOW COLUMNS FROM `xh_user` [ RunTime:0.060004s ]
NOTIC: [8192] preg_replace(): The /e modifier is deprecated, use preg_replace_callback instead D:\wamp\www\xsgl\ThinkPHP\Lib\Core\Db.class.php 第 604 行.
SQL: SELECT * FROM `xh_user` WHERE ( `username` = 'admin' ) LIMIT 1   [ RunTime:0.004000s ]
SQL: UPDATE `xh_user` SET `logintime`=1504691185,`loginip`='127.0.0.1' WHERE ( `id` = 1 ) [ RunTime:0.004001s ]

[ 2017-09-06T17:46:26+08:00 ] 127.0.0.1 /xsgl/index.php/admin/Index/public/js/jquery.min.js
ERR: 非法操作:public

[ 2017-09-06T17:46:26+08:00 ] 127.0.0.1 /xsgl/index.php/admin/Index/public/js/bootstrap.min.js
ERR: 非法操作:public

[ 2017-09-06T19:42:11+08:00 ] 127.0.0.1 /xsgl/index.php/admin/Index/public/js/jquery.min.js
ERR: 非法操作:public

[ 2017-09-06T19:42:11+08:00 ] 127.0.0.1 /xsgl/index.php/admin/Index/public/js/bootstrap.min.js
ERR: 非法操作:public

